[0.467s] Invoking command in '/home/isrraelfcaq/ros2_ws/src/solar_panel_sim': PYTHONPATH=/home/isrraelfcaq/ros2_ws/build/solar_panel_sim/prefix_override:/usr/lib/python3/dist-packages/colcon_core/task/python/colcon_distutils_commands:/home/isrraelfcaq/ros2_ws/install/solar_panel_sim/lib/python3.10/site-packages:${PYTHONPATH} /usr/bin/python3 -W ignore:setup.py install is deprecated setup.py egg_info --egg-base ../../build/solar_panel_sim build --build-base /home/isrraelfcaq/ros2_ws/build/solar_panel_sim/build install --record /home/isrraelfcaq/ros2_ws/build/solar_panel_sim/install.log --single-version-externally-managed install_data
[0.639s] running egg_info
[0.639s] writing ../../build/solar_panel_sim/solar_panel_sim.egg-info/PKG-INFO
[0.640s] writing dependency_links to ../../build/solar_panel_sim/solar_panel_sim.egg-info/dependency_links.txt
[0.640s] writing entry points to ../../build/solar_panel_sim/solar_panel_sim.egg-info/entry_points.txt
[0.640s] writing requirements to ../../build/solar_panel_sim/solar_panel_sim.egg-info/requires.txt
[0.640s] writing top-level names to ../../build/solar_panel_sim/solar_panel_sim.egg-info/top_level.txt
[0.641s] reading manifest file '../../build/solar_panel_sim/solar_panel_sim.egg-info/SOURCES.txt'
[0.642s] writing manifest file '../../build/solar_panel_sim/solar_panel_sim.egg-info/SOURCES.txt'
[0.642s] running build
[0.642s] running build_py
[0.643s] running install
[0.643s] running install_lib
[0.644s] running install_data
[0.644s] running install_egg_info
[0.645s] removing '/home/isrraelfcaq/ros2_ws/install/solar_panel_sim/lib/python3.10/site-packages/solar_panel_sim-0.0.1-py3.10.egg-info' (and everything under it)
[0.645s] Copying ../../build/solar_panel_sim/solar_panel_sim.egg-info to /home/isrraelfcaq/ros2_ws/install/solar_panel_sim/lib/python3.10/site-packages/solar_panel_sim-0.0.1-py3.10.egg-info
[0.646s] running install_scripts
[0.662s] Installing solar_panel_controller script to /home/isrraelfcaq/ros2_ws/install/solar_panel_sim/lib/solar_panel_sim
[0.663s] writing list of installed files to '/home/isrraelfcaq/ros2_ws/build/solar_panel_sim/install.log'
[0.683s] Invoked command in '/home/isrraelfcaq/ros2_ws/src/solar_panel_sim' returned '0': PYTHONPATH=/home/isrraelfcaq/ros2_ws/build/solar_panel_sim/prefix_override:/usr/lib/python3/dist-packages/colcon_core/task/python/colcon_distutils_commands:/home/isrraelfcaq/ros2_ws/install/solar_panel_sim/lib/python3.10/site-packages:${PYTHONPATH} /usr/bin/python3 -W ignore:setup.py install is deprecated setup.py egg_info --egg-base ../../build/solar_panel_sim build --build-base /home/isrraelfcaq/ros2_ws/build/solar_panel_sim/build install --record /home/isrraelfcaq/ros2_ws/build/solar_panel_sim/install.log --single-version-externally-managed install_data
