[0.474s] Invoking command in '/home/isrraelfcaq/ros2_ws/src/solar_panel_sim': PYTHONPATH=/home/isrraelfcaq/ros2_ws/build/solar_panel_sim/prefix_override:/usr/lib/python3/dist-packages/colcon_core/task/python/colcon_distutils_commands:/home/isrraelfcaq/ros2_ws/install/solar_panel_sim/lib/python3.10/site-packages:${PYTHONPATH} /usr/bin/python3 -W ignore:setup.py install is deprecated setup.py egg_info --egg-base ../../build/solar_panel_sim build --build-base /home/isrraelfcaq/ros2_ws/build/solar_panel_sim/build install --record /home/isrraelfcaq/ros2_ws/build/solar_panel_sim/install.log --single-version-externally-managed install_data
[0.651s] running egg_info
[0.651s] creating ../../build/solar_panel_sim/solar_panel_sim.egg-info
[0.652s] writing ../../build/solar_panel_sim/solar_panel_sim.egg-info/PKG-INFO
[0.652s] writing dependency_links to ../../build/solar_panel_sim/solar_panel_sim.egg-info/dependency_links.txt
[0.653s] writing entry points to ../../build/solar_panel_sim/solar_panel_sim.egg-info/entry_points.txt
[0.653s] writing requirements to ../../build/solar_panel_sim/solar_panel_sim.egg-info/requires.txt
[0.653s] writing top-level names to ../../build/solar_panel_sim/solar_panel_sim.egg-info/top_level.txt
[0.653s] writing manifest file '../../build/solar_panel_sim/solar_panel_sim.egg-info/SOURCES.txt'
[0.654s] reading manifest file '../../build/solar_panel_sim/solar_panel_sim.egg-info/SOURCES.txt'
[0.654s] writing manifest file '../../build/solar_panel_sim/solar_panel_sim.egg-info/SOURCES.txt'
[0.654s] running build
[0.654s] running build_py
[0.655s] creating /home/isrraelfcaq/ros2_ws/build/solar_panel_sim/build
[0.655s] creating /home/isrraelfcaq/ros2_ws/build/solar_panel_sim/build/lib
[0.655s] creating /home/isrraelfcaq/ros2_ws/build/solar_panel_sim/build/lib/solar_panel_sim
[0.655s] copying solar_panel_sim/solar_panel_controller.py -> /home/isrraelfcaq/ros2_ws/build/solar_panel_sim/build/lib/solar_panel_sim
[0.655s] copying solar_panel_sim/__init__.py -> /home/isrraelfcaq/ros2_ws/build/solar_panel_sim/build/lib/solar_panel_sim
[0.656s] running install
[0.656s] running install_lib
[0.656s] creating /home/isrraelfcaq/ros2_ws/install/solar_panel_sim/lib/python3.10/site-packages/solar_panel_sim
[0.656s] copying /home/isrraelfcaq/ros2_ws/build/solar_panel_sim/build/lib/solar_panel_sim/solar_panel_controller.py -> /home/isrraelfcaq/ros2_ws/install/solar_panel_sim/lib/python3.10/site-packages/solar_panel_sim
[0.657s] copying /home/isrraelfcaq/ros2_ws/build/solar_panel_sim/build/lib/solar_panel_sim/__init__.py -> /home/isrraelfcaq/ros2_ws/install/solar_panel_sim/lib/python3.10/site-packages/solar_panel_sim
[0.657s] byte-compiling /home/isrraelfcaq/ros2_ws/install/solar_panel_sim/lib/python3.10/site-packages/solar_panel_sim/solar_panel_controller.py to solar_panel_controller.cpython-310.pyc
[0.658s] byte-compiling /home/isrraelfcaq/ros2_ws/install/solar_panel_sim/lib/python3.10/site-packages/solar_panel_sim/__init__.py to __init__.cpython-310.pyc
[0.658s] running install_data
[0.658s] creating /home/isrraelfcaq/ros2_ws/install/solar_panel_sim/share/ament_index
[0.658s] creating /home/isrraelfcaq/ros2_ws/install/solar_panel_sim/share/ament_index/resource_index
[0.659s] creating /home/isrraelfcaq/ros2_ws/install/solar_panel_sim/share/ament_index/resource_index/packages
[0.659s] copying resource/solar_panel_sim -> /home/isrraelfcaq/ros2_ws/install/solar_panel_sim/share/ament_index/resource_index/packages
[0.659s] copying package.xml -> /home/isrraelfcaq/ros2_ws/install/solar_panel_sim/share/solar_panel_sim
[0.659s] creating /home/isrraelfcaq/ros2_ws/install/solar_panel_sim/share/solar_panel_sim/launch
[0.659s] copying launch/solar_panel_sim.launch.py -> /home/isrraelfcaq/ros2_ws/install/solar_panel_sim/share/solar_panel_sim/launch
[0.659s] creating /home/isrraelfcaq/ros2_ws/install/solar_panel_sim/share/solar_panel_sim/config
[0.659s] copying config/solar_panel_config.yaml -> /home/isrraelfcaq/ros2_ws/install/solar_panel_sim/share/solar_panel_sim/config
[0.659s] creating /home/isrraelfcaq/ros2_ws/install/solar_panel_sim/share/solar_panel_sim/urdf
[0.659s] copying urdf/solar_panel.urdf.xacro -> /home/isrraelfcaq/ros2_ws/install/solar_panel_sim/share/solar_panel_sim/urdf
[0.659s] creating /home/isrraelfcaq/ros2_ws/install/solar_panel_sim/share/solar_panel_sim/resource
[0.659s] copying resource/solar_parameters_2024.csv -> /home/isrraelfcaq/ros2_ws/install/solar_panel_sim/share/solar_panel_sim/resource
[0.661s] running install_egg_info
[0.662s] Copying ../../build/solar_panel_sim/solar_panel_sim.egg-info to /home/isrraelfcaq/ros2_ws/install/solar_panel_sim/lib/python3.10/site-packages/solar_panel_sim-0.0.1-py3.10.egg-info
[0.662s] running install_scripts
[0.681s] Installing solar_panel_controller script to /home/isrraelfcaq/ros2_ws/install/solar_panel_sim/lib/solar_panel_sim
[0.682s] writing list of installed files to '/home/isrraelfcaq/ros2_ws/build/solar_panel_sim/install.log'
[0.710s] Invoked command in '/home/isrraelfcaq/ros2_ws/src/solar_panel_sim' returned '0': PYTHONPATH=/home/isrraelfcaq/ros2_ws/build/solar_panel_sim/prefix_override:/usr/lib/python3/dist-packages/colcon_core/task/python/colcon_distutils_commands:/home/isrraelfcaq/ros2_ws/install/solar_panel_sim/lib/python3.10/site-packages:${PYTHONPATH} /usr/bin/python3 -W ignore:setup.py install is deprecated setup.py egg_info --egg-base ../../build/solar_panel_sim build --build-base /home/isrraelfcaq/ros2_ws/build/solar_panel_sim/build install --record /home/isrraelfcaq/ros2_ws/build/solar_panel_sim/install.log --single-version-externally-managed install_data
