[0.216s] DEBUG:colcon:Command line arguments: ['/usr/bin/colcon', 'build']
[0.216s] DEBUG:colcon:Parsed command line arguments: Namespace(log_base=None, log_level=None, verb_name='build', build_base='build', install_base='install', merge_install=False, symlink_install=False, test_result_base=None, continue_on_error=False, executor='parallel', parallel_workers=8, event_handlers=None, ignore_user_meta=False, metas=['./colcon.meta'], base_paths=['.'], packages_ignore=None, packages_ignore_regex=None, paths=None, packages_up_to=None, packages_up_to_regex=None, packages_above=None, packages_above_and_dependencies=None, packages_above_depth=None, packages_select_by_dep=None, packages_skip_by_dep=None, packages_skip_up_to=None, packages_select_build_failed=False, packages_skip_build_finished=False, packages_select_test_failures=False, packages_skip_test_passed=False, packages_select=None, packages_skip=None, packages_select_regex=None, packages_skip_regex=None, packages_start=None, packages_end=None, allow_overriding=[], cmake_args=None, cmake_target=None, cmake_target_skip_unavailable=False, cmake_clean_cache=False, cmake_clean_first=False, cmake_force_configure=False, ament_cmake_args=None, catkin_cmake_args=None, catkin_skip_building_tests=False, mixin_files=None, mixin=None, verb_parser=<colcon_mixin.mixin.mixin_argument.MixinArgumentDecorator object at 0x7f1b93e01de0>, verb_extension=<colcon_core.verb.build.BuildVerb object at 0x7f1b93e01870>, main=<bound method BuildVerb.main of <colcon_core.verb.build.BuildVerb object at 0x7f1b93e01870>>, mixin_verb=('build',))
[0.445s] Level 1:colcon.colcon_core.package_discovery:discover_packages(colcon_meta) check parameters
[0.445s] Level 1:colcon.colcon_core.package_discovery:discover_packages(recursive) check parameters
[0.445s] Level 1:colcon.colcon_core.package_discovery:discover_packages(ignore) check parameters
[0.445s] Level 1:colcon.colcon_core.package_discovery:discover_packages(path) check parameters
[0.445s] Level 1:colcon.colcon_core.package_discovery:discover_packages(colcon_meta) discover
[0.445s] Level 1:colcon.colcon_core.package_discovery:discover_packages(recursive) discover
[0.445s] INFO:colcon.colcon_core.package_discovery:Crawling recursively for packages in '/home/isrraelfcaq/ros2_ws'
[0.445s] Level 1:colcon.colcon_core.package_identification:_identify(.) by extensions ['ignore', 'ignore_ament_install']
[0.445s] Level 1:colcon.colcon_core.package_identification:_identify(.) by extension 'ignore'
[0.445s] Level 1:colcon.colcon_core.package_identification:_identify(.) by extension 'ignore_ament_install'
[0.445s] Level 1:colcon.colcon_core.package_identification:_identify(.) by extensions ['colcon_pkg']
[0.445s] Level 1:colcon.colcon_core.package_identification:_identify(.) by extension 'colcon_pkg'
[0.445s] Level 1:colcon.colcon_core.package_identification:_identify(.) by extensions ['colcon_meta']
[0.445s] Level 1:colcon.colcon_core.package_identification:_identify(.) by extension 'colcon_meta'
[0.445s] Level 1:colcon.colcon_core.package_identification:_identify(.) by extensions ['ros']
[0.445s] Level 1:colcon.colcon_core.package_identification:_identify(.) by extension 'ros'
[0.456s] Level 1:colcon.colcon_core.package_identification:_identify(.) by extensions ['cmake', 'python']
[0.456s] Level 1:colcon.colcon_core.package_identification:_identify(.) by extension 'cmake'
[0.456s] Level 1:colcon.colcon_core.package_identification:_identify(.) by extension 'python'
[0.457s] Level 1:colcon.colcon_core.package_identification:_identify(.) by extensions ['python_setup_py']
[0.457s] Level 1:colcon.colcon_core.package_identification:_identify(.) by extension 'python_setup_py'
[0.457s] Level 1:colcon.colcon_core.package_identification:_identify(build) by extensions ['ignore', 'ignore_ament_install']
[0.457s] Level 1:colcon.colcon_core.package_identification:_identify(build) by extension 'ignore'
[0.457s] Level 1:colcon.colcon_core.package_identification:_identify(build) ignored
[0.457s] Level 1:colcon.colcon_core.package_identification:_identify(install) by extensions ['ignore', 'ignore_ament_install']
[0.457s] Level 1:colcon.colcon_core.package_identification:_identify(install) by extension 'ignore'
[0.457s] Level 1:colcon.colcon_core.package_identification:_identify(install) ignored
[0.457s] Level 1:colcon.colcon_core.package_identification:_identify(log) by extensions ['ignore', 'ignore_ament_install']
[0.457s] Level 1:colcon.colcon_core.package_identification:_identify(log) by extension 'ignore'
[0.457s] Level 1:colcon.colcon_core.package_identification:_identify(log) ignored
[0.457s] Level 1:colcon.colcon_core.package_identification:_identify(src) by extensions ['ignore', 'ignore_ament_install']
[0.457s] Level 1:colcon.colcon_core.package_identification:_identify(src) by extension 'ignore'
[0.457s] Level 1:colcon.colcon_core.package_identification:_identify(src) by extension 'ignore_ament_install'
[0.457s] Level 1:colcon.colcon_core.package_identification:_identify(src) by extensions ['colcon_pkg']
[0.457s] Level 1:colcon.colcon_core.package_identification:_identify(src) by extension 'colcon_pkg'
[0.457s] Level 1:colcon.colcon_core.package_identification:_identify(src) by extensions ['colcon_meta']
[0.457s] Level 1:colcon.colcon_core.package_identification:_identify(src) by extension 'colcon_meta'
[0.457s] Level 1:colcon.colcon_core.package_identification:_identify(src) by extensions ['ros']
[0.458s] Level 1:colcon.colcon_core.package_identification:_identify(src) by extension 'ros'
[0.458s] Level 1:colcon.colcon_core.package_identification:_identify(src) by extensions ['cmake', 'python']
[0.458s] Level 1:colcon.colcon_core.package_identification:_identify(src) by extension 'cmake'
[0.458s] Level 1:colcon.colcon_core.package_identification:_identify(src) by extension 'python'
[0.458s] Level 1:colcon.colcon_core.package_identification:_identify(src) by extensions ['python_setup_py']
[0.458s] Level 1:colcon.colcon_core.package_identification:_identify(src) by extension 'python_setup_py'
[0.458s] Level 1:colcon.colcon_core.package_identification:_identify(src/solar_panel_sim) by extensions ['ignore', 'ignore_ament_install']
[0.458s] Level 1:colcon.colcon_core.package_identification:_identify(src/solar_panel_sim) by extension 'ignore'
[0.458s] Level 1:colcon.colcon_core.package_identification:_identify(src/solar_panel_sim) by extension 'ignore_ament_install'
[0.458s] Level 1:colcon.colcon_core.package_identification:_identify(src/solar_panel_sim) by extensions ['colcon_pkg']
[0.458s] Level 1:colcon.colcon_core.package_identification:_identify(src/solar_panel_sim) by extension 'colcon_pkg'
[0.458s] Level 1:colcon.colcon_core.package_identification:_identify(src/solar_panel_sim) by extensions ['colcon_meta']
[0.458s] Level 1:colcon.colcon_core.package_identification:_identify(src/solar_panel_sim) by extension 'colcon_meta'
[0.458s] Level 1:colcon.colcon_core.package_identification:_identify(src/solar_panel_sim) by extensions ['ros']
[0.458s] Level 1:colcon.colcon_core.package_identification:_identify(src/solar_panel_sim) by extension 'ros'
[0.462s] DEBUG:colcon.colcon_core.package_identification:Package 'src/solar_panel_sim' with type 'ros.ament_python' and name 'solar_panel_sim'
[0.462s] Level 1:colcon.colcon_core.package_discovery:discover_packages(recursive) using defaults
[0.462s] Level 1:colcon.colcon_core.package_discovery:discover_packages(ignore) discover
[0.462s] Level 1:colcon.colcon_core.package_discovery:discover_packages(ignore) using defaults
[0.462s] Level 1:colcon.colcon_core.package_discovery:discover_packages(path) discover
[0.462s] Level 1:colcon.colcon_core.package_discovery:discover_packages(path) using defaults
[0.489s] Level 1:colcon.colcon_core.package_discovery:discover_packages(prefix_path) check parameters
[0.489s] Level 1:colcon.colcon_core.package_discovery:discover_packages(prefix_path) discover
[0.493s] DEBUG:colcon.colcon_installed_package_information.package_discovery:Found 319 installed packages in /opt/ros/humble
[0.495s] Level 1:colcon.colcon_core.package_discovery:discover_packages(prefix_path) using defaults
[0.546s] Level 5:colcon.colcon_core.verb:set package 'solar_panel_sim' build argument 'cmake_args' from command line to 'None'
[0.546s] Level 5:colcon.colcon_core.verb:set package 'solar_panel_sim' build argument 'cmake_target' from command line to 'None'
[0.546s] Level 5:colcon.colcon_core.verb:set package 'solar_panel_sim' build argument 'cmake_target_skip_unavailable' from command line to 'False'
[0.546s] Level 5:colcon.colcon_core.verb:set package 'solar_panel_sim' build argument 'cmake_clean_cache' from command line to 'False'
[0.546s] Level 5:colcon.colcon_core.verb:set package 'solar_panel_sim' build argument 'cmake_clean_first' from command line to 'False'
[0.546s] Level 5:colcon.colcon_core.verb:set package 'solar_panel_sim' build argument 'cmake_force_configure' from command line to 'False'
[0.546s] Level 5:colcon.colcon_core.verb:set package 'solar_panel_sim' build argument 'ament_cmake_args' from command line to 'None'
[0.546s] Level 5:colcon.colcon_core.verb:set package 'solar_panel_sim' build argument 'catkin_cmake_args' from command line to 'None'
[0.546s] Level 5:colcon.colcon_core.verb:set package 'solar_panel_sim' build argument 'catkin_skip_building_tests' from command line to 'False'
[0.546s] DEBUG:colcon.colcon_core.verb:Building package 'solar_panel_sim' with the following arguments: {'ament_cmake_args': None, 'build_base': '/home/isrraelfcaq/ros2_ws/build/solar_panel_sim', 'catkin_cmake_args': None, 'catkin_skip_building_tests': False, 'cmake_args': None, 'cmake_clean_cache': False, 'cmake_clean_first': False, 'cmake_force_configure': False, 'cmake_target': None, 'cmake_target_skip_unavailable': False, 'install_base': '/home/isrraelfcaq/ros2_ws/install/solar_panel_sim', 'merge_install': False, 'path': '/home/isrraelfcaq/ros2_ws/src/solar_panel_sim', 'symlink_install': False, 'test_result_base': None}
[0.546s] INFO:colcon.colcon_core.executor:Executing jobs using 'parallel' executor
[0.548s] DEBUG:colcon.colcon_parallel_executor.executor.parallel:run_until_complete
[0.548s] INFO:colcon.colcon_ros.task.ament_python.build:Building ROS package in '/home/isrraelfcaq/ros2_ws/src/solar_panel_sim' with build type 'ament_python'
[0.548s] Level 1:colcon.colcon_core.shell:create_environment_hook('solar_panel_sim', 'ament_prefix_path')
[0.554s] INFO:colcon.colcon_core.plugin_system:Skipping extension 'colcon_core.shell.bat': Not used on non-Windows systems
[0.554s] INFO:colcon.colcon_core.shell:Creating environment hook '/home/isrraelfcaq/ros2_ws/install/solar_panel_sim/share/solar_panel_sim/hook/ament_prefix_path.ps1'
[0.556s] INFO:colcon.colcon_core.shell:Creating environment descriptor '/home/isrraelfcaq/ros2_ws/install/solar_panel_sim/share/solar_panel_sim/hook/ament_prefix_path.dsv'
[0.557s] INFO:colcon.colcon_core.shell:Creating environment hook '/home/isrraelfcaq/ros2_ws/install/solar_panel_sim/share/solar_panel_sim/hook/ament_prefix_path.sh'
[0.558s] INFO:colcon.colcon_core.shell:Skip shell extension 'powershell' for command environment: Not usable outside of PowerShell
[0.558s] DEBUG:colcon.colcon_core.shell:Skip shell extension 'dsv' for command environment
[0.768s] INFO:colcon.colcon_core.task.python.build:Building Python package in '/home/isrraelfcaq/ros2_ws/src/solar_panel_sim'
[0.769s] INFO:colcon.colcon_core.shell:Skip shell extension 'powershell' for command environment: Not usable outside of PowerShell
[0.769s] DEBUG:colcon.colcon_core.shell:Skip shell extension 'dsv' for command environment
[1.177s] DEBUG:colcon.colcon_core.event_handler.log_command:Invoking command in '/home/isrraelfcaq/ros2_ws/src/solar_panel_sim': PYTHONPATH=/home/isrraelfcaq/ros2_ws/build/solar_panel_sim/prefix_override:/usr/lib/python3/dist-packages/colcon_core/task/python/colcon_distutils_commands:/home/isrraelfcaq/ros2_ws/install/solar_panel_sim/lib/python3.10/site-packages:${PYTHONPATH} /usr/bin/python3 -W ignore:setup.py install is deprecated setup.py egg_info --egg-base ../../build/solar_panel_sim build --build-base /home/isrraelfcaq/ros2_ws/build/solar_panel_sim/build install --record /home/isrraelfcaq/ros2_ws/build/solar_panel_sim/install.log --single-version-externally-managed install_data
[1.413s] DEBUG:colcon.colcon_core.event_handler.log_command:Invoked command in '/home/isrraelfcaq/ros2_ws/src/solar_panel_sim' returned '0': PYTHONPATH=/home/isrraelfcaq/ros2_ws/build/solar_panel_sim/prefix_override:/usr/lib/python3/dist-packages/colcon_core/task/python/colcon_distutils_commands:/home/isrraelfcaq/ros2_ws/install/solar_panel_sim/lib/python3.10/site-packages:${PYTHONPATH} /usr/bin/python3 -W ignore:setup.py install is deprecated setup.py egg_info --egg-base ../../build/solar_panel_sim build --build-base /home/isrraelfcaq/ros2_ws/build/solar_panel_sim/build install --record /home/isrraelfcaq/ros2_ws/build/solar_panel_sim/install.log --single-version-externally-managed install_data
[1.418s] Level 1:colcon.colcon_core.environment:checking '/home/isrraelfcaq/ros2_ws/install/solar_panel_sim' for CMake module files
[1.419s] Level 1:colcon.colcon_core.environment:checking '/home/isrraelfcaq/ros2_ws/install/solar_panel_sim' for CMake config files
[1.419s] Level 1:colcon.colcon_core.environment:checking '/home/isrraelfcaq/ros2_ws/install/solar_panel_sim/lib'
[1.419s] Level 1:colcon.colcon_core.environment:checking '/home/isrraelfcaq/ros2_ws/install/solar_panel_sim/bin'
[1.419s] Level 1:colcon.colcon_core.environment:checking '/home/isrraelfcaq/ros2_ws/install/solar_panel_sim/lib/pkgconfig/solar_panel_sim.pc'
[1.419s] Level 1:colcon.colcon_core.environment:checking '/home/isrraelfcaq/ros2_ws/install/solar_panel_sim/lib/python3.10/site-packages'
[1.420s] Level 1:colcon.colcon_core.shell:create_environment_hook('solar_panel_sim', 'pythonpath')
[1.420s] INFO:colcon.colcon_core.shell:Creating environment hook '/home/isrraelfcaq/ros2_ws/install/solar_panel_sim/share/solar_panel_sim/hook/pythonpath.ps1'
[1.420s] INFO:colcon.colcon_core.shell:Creating environment descriptor '/home/isrraelfcaq/ros2_ws/install/solar_panel_sim/share/solar_panel_sim/hook/pythonpath.dsv'
[1.420s] INFO:colcon.colcon_core.shell:Creating environment hook '/home/isrraelfcaq/ros2_ws/install/solar_panel_sim/share/solar_panel_sim/hook/pythonpath.sh'
[1.421s] Level 1:colcon.colcon_core.environment:checking '/home/isrraelfcaq/ros2_ws/install/solar_panel_sim/bin'
[1.421s] Level 1:colcon.colcon_core.environment:create_environment_scripts_only(solar_panel_sim)
[1.421s] INFO:colcon.colcon_core.shell:Creating package script '/home/isrraelfcaq/ros2_ws/install/solar_panel_sim/share/solar_panel_sim/package.ps1'
[1.422s] INFO:colcon.colcon_core.shell:Creating package descriptor '/home/isrraelfcaq/ros2_ws/install/solar_panel_sim/share/solar_panel_sim/package.dsv'
[1.423s] INFO:colcon.colcon_core.shell:Creating package script '/home/isrraelfcaq/ros2_ws/install/solar_panel_sim/share/solar_panel_sim/package.sh'
[1.424s] INFO:colcon.colcon_core.shell:Creating package script '/home/isrraelfcaq/ros2_ws/install/solar_panel_sim/share/solar_panel_sim/package.bash'
[1.424s] INFO:colcon.colcon_core.shell:Creating package script '/home/isrraelfcaq/ros2_ws/install/solar_panel_sim/share/solar_panel_sim/package.zsh'
[1.425s] Level 1:colcon.colcon_core.environment:create_file_with_runtime_dependencies(/home/isrraelfcaq/ros2_ws/install/solar_panel_sim/share/colcon-core/packages/solar_panel_sim)
[1.425s] DEBUG:colcon.colcon_parallel_executor.executor.parallel:closing loop
[1.426s] DEBUG:colcon.colcon_parallel_executor.executor.parallel:loop closed
[1.426s] DEBUG:colcon.colcon_parallel_executor.executor.parallel:run_until_complete finished with '0'
[1.426s] DEBUG:colcon.colcon_core.event_reactor:joining thread
[1.460s] INFO:colcon.colcon_core.plugin_system:Skipping extension 'colcon_notification.desktop_notification.notify_send': Could not find 'notify-send'
[1.460s] INFO:colcon.colcon_core.plugin_system:Skipping extension 'colcon_notification.desktop_notification.terminal_notifier': Not used on non-Darwin systems
[1.460s] INFO:colcon.colcon_core.plugin_system:Skipping extension 'colcon_notification.desktop_notification.win32': Not used on non-Windows systems
[1.460s] INFO:colcon.colcon_notification.desktop_notification:Sending desktop notification using 'notify2'
[1.460s] DEBUG:colcon.colcon_notification.desktop_notification.notify2:Failed to initialize notify2: org.freedesktop.DBus.Error.FileNotFound: Failed to connect to socket /run/user/1000/bus: No such file or directory
[1.460s] DEBUG:colcon.colcon_core.event_reactor:joined thread
[1.461s] INFO:colcon.colcon_core.shell:Creating prefix script '/home/isrraelfcaq/ros2_ws/install/local_setup.ps1'
[1.462s] INFO:colcon.colcon_core.shell:Creating prefix util module '/home/isrraelfcaq/ros2_ws/install/_local_setup_util_ps1.py'
[1.463s] INFO:colcon.colcon_core.shell:Creating prefix chain script '/home/isrraelfcaq/ros2_ws/install/setup.ps1'
[1.464s] INFO:colcon.colcon_core.shell:Creating prefix script '/home/isrraelfcaq/ros2_ws/install/local_setup.sh'
[1.465s] INFO:colcon.colcon_core.shell:Creating prefix util module '/home/isrraelfcaq/ros2_ws/install/_local_setup_util_sh.py'
[1.465s] INFO:colcon.colcon_core.shell:Creating prefix chain script '/home/isrraelfcaq/ros2_ws/install/setup.sh'
[1.466s] INFO:colcon.colcon_core.shell:Creating prefix script '/home/isrraelfcaq/ros2_ws/install/local_setup.bash'
[1.467s] INFO:colcon.colcon_core.shell:Creating prefix chain script '/home/isrraelfcaq/ros2_ws/install/setup.bash'
[1.468s] INFO:colcon.colcon_core.shell:Creating prefix script '/home/isrraelfcaq/ros2_ws/install/local_setup.zsh'
[1.468s] INFO:colcon.colcon_core.shell:Creating prefix chain script '/home/isrraelfcaq/ros2_ws/install/setup.zsh'
